<?xml version="1.0" encoding="UTF-8"?>
<!-- Generated by org.testng.reporters.JUnitXMLReporter -->
<testsuite hostname="DESKTOP-JCJ8HOK" ignored="2" name="Create New Booking" tests="6" failures="0" timestamp="19 May 2023 03:08:00 GMT" time="0.12" errors="0">
  <testcase name="createNewBooking" time="0.02" classname="testcases.BookingManagement"/>
  <testcase name="guestInfo" time="0.003" classname="testcases.BookingManagement"/>
  <testcase name="applyDiscount" time="0.004" classname="testcases.PaymentManagement"/>
  <testcase name="makePayment" time="0.003" classname="testcases.PaymentManagement"/>
  <testcase name="emailConfirmation" time="0.005" classname="testcases.CommunicationManagement"/>
  <testcase name="mobileConfirmation" time="0.002" classname="testcases.CommunicationManagement"/>
  <testcase name="modifyBooking" time="0.0" classname="testcases.BookingManagement">
    <ignored/>
  </testcase> <!-- modifyBooking -->
  <testcase name="cancelBooking" time="0.0" classname="testcases.BookingManagement">
    <ignored/>
  </testcase> <!-- cancelBooking -->
</testsuite> <!-- Create New Booking -->
