<?xml version="1.0" encoding="UTF-8"?>
<!-- Generated by org.testng.reporters.JUnitXMLReporter -->
<testsuite hostname="DESKTOP-JCJ8HOK" ignored="0" name="Test" tests="8" failures="0" timestamp="19 May 2023 03:00:46 GMT" time="0.508" errors="0">
  <testcase name="cancelBooking" time="0.057" classname="testcases.BookingManagement"/>
  <testcase name="createNewBooking" time="0.03" classname="testcases.BookingManagement"/>
  <testcase name="guestInfo" time="0.007" classname="testcases.BookingManagement"/>
  <testcase name="modifyBooking" time="0.007" classname="testcases.BookingManagement"/>
  <testcase name="applyDiscount" time="0.005" classname="testcases.PaymentManagement"/>
  <testcase name="makePayment" time="0.024" classname="testcases.PaymentManagement"/>
  <testcase name="emailConfirmation" time="0.006" classname="testcases.CommunicationManagement"/>
  <testcase name="mobileConfirmation" time="0.021" classname="testcases.CommunicationManagement"/>
</testsuite> <!-- Test -->
