<?xml version="1.0" encoding="UTF-8"?>
<!-- Generated by org.testng.reporters.JUnitXMLReporter -->
<testsuite hostname="DESKTOP-JCJ8HOK" ignored="1" name="Default test" tests="2" failures="0" timestamp="10 May 2023 03:30:30 GMT" time="0.092" errors="0">
  <testcase name="f" time="0.013" classname="testng.TNG_002"/>
  <testcase name="z" time="0.005" classname="testng.TNG_002"/>
  <testcase name="a" time="0.0" classname="testng.TNG_002">
    <ignored/>
  </testcase> <!-- a -->
</testsuite> <!-- Default test -->
