<?xml version="1.0" encoding="UTF-8"?>
<!-- Generated by org.testng.reporters.JUnitXMLReporter -->
<testsuite hostname="DESKTOP-JCJ8HOK" ignored="0" name="Default test" tests="2" failures="0" timestamp="01 Jun 2023 03:15:09 GMT" time="1.223" errors="0">
  <testcase name="f" time="0.017" classname="exceloperations.DataManagementFinalVersion"/>
  <testcase name="f" time="0.004" classname="exceloperations.DataManagementFinalVersion">
    <skipped/>
  </testcase> <!-- f -->
</testsuite> <!-- Default test -->
