<?xml version="1.0" encoding="UTF-8"?>
<!-- Generated by org.testng.reporters.JUnitXMLReporter -->
<testsuite hostname="DESKTOP-JCJ8HOK" ignored="0" name="RegressionTest" tests="4" failures="0" timestamp="11 May 2023 03:22:58 GMT" time="40.712" errors="0">
  <testcase name="radioButtonTest" time="1.03" classname="testng.RadioButton1"/>
  <testcase name="checkboxTest" time="0.578" classname="testng.CheckBox1"/>
  <testcase name="amazon" time="7.47" classname="testng.TNG_003"/>
  <testcase name="linktesting1" time="1.561" classname="testng.LinksTesting1"/>
</testsuite> <!-- RegressionTest -->
