<?xml version="1.0" encoding="UTF-8"?>
<!-- Generated by org.testng.reporters.JUnitXMLReporter -->
<testsuite hostname="DESKTOP-JCJ8HOK" ignored="2" name="Test" tests="2" failures="0" timestamp="16 May 2023 02:50:38 GMT" time="47.402" errors="0">
  <testcase name="radioButtonTest" time="0.508" classname="testng.RadioButton1"/>
  <testcase name="checkboxTest" time="0.26" classname="testng.CheckBox1"/>
  <testcase name="linktesting1" time="0.0" classname="testng.LinksTesting1">
    <ignored/>
  </testcase> <!-- linktesting1 -->
  <testcase name="amazon" time="0.0" classname="testng.TNG_003">
    <ignored/>
  </testcase> <!-- amazon -->
</testsuite> <!-- Test -->
